<?xml version="1.0" encoding="UTF-8"?>
<!-- Generated by org.testng.reporters.JUnitReportReporter -->
<testsuite hostname="LAPTOP-215LBTJ2" failures="0" tests="6" name="com.saucelabs.testcases.ProductsPageTest" time="15.830" errors="0" timestamp="2023-07-16T19:19:47 IST" skipped="0">
  <testcase classname="com.saucelabs.testcases.ProductsPageTest" name="verifyProductsPageURL" time="0.577"/>
  <system-out/>
  <testcase classname="com.saucelabs.testcases.ProductsPageTest" name="verifyProductsPageTitle" time="0.009"/>
  <system-out/>
  <testcase classname="com.saucelabs.testcases.ProductsPageTest" name="verifyProductsPageAppLogoDisplayed" time="0.046"/>
  <system-out/>
  <testcase classname="com.saucelabs.testcases.ProductsPageTest" name="verifyLogoutFunction" time="0.755"/>
  <system-out/>
  <testcase classname="com.saucelabs.testcases.ProductsPageTest" name="verifyPriceFilterAscOrder" time="7.576"/>
  <system-out/>
  <testcase classname="com.saucelabs.testcases.ProductsPageTest" name="verifyPriceFilterDescOrder" time="6.867"/>
  <system-out/>
</testsuite> <!-- com.saucelabs.testcases.ProductsPageTest -->
