<?xml version="1.0" encoding="UTF-8"?>
<!-- Generated by org.testng.reporters.JUnitReportReporter -->
<testsuite hostname="LAPTOP-215LBTJ2" failures="0" tests="7" name="com.saucelabs.testcases.LoginPageTest" time="9.576" errors="0" timestamp="2023-07-16T19:19:47 IST" skipped="0">
  <testcase classname="com.saucelabs.testcases.LoginPageTest" name="verifyLoginPageURL" time="0.443"/>
  <system-out/>
  <testcase classname="com.saucelabs.testcases.LoginPageTest" name="verifyLoginPageTitle" time="0.009"/>
  <system-out/>
  <testcase classname="com.saucelabs.testcases.LoginPageTest" name="verifyLoginPageAppLogoDisplayed" time="0.052"/>
  <system-out/>
  <testcase classname="com.saucelabs.testcases.LoginPageTest" name="loginTest" time="1.234"/>
  <system-out/>
  <testcase classname="com.saucelabs.testcases.LoginPageTest" name="loginTest" time="6.216"/>
  <system-out/>
  <testcase classname="com.saucelabs.testcases.LoginPageTest" name="loginTest" time="0.425"/>
  <system-out/>
  <testcase classname="com.saucelabs.testcases.LoginPageTest" name="loginTest" time="1.197"/>
  <system-out/>
</testsuite> <!-- com.saucelabs.testcases.LoginPageTest -->
